Determining if the pthread_create exist failed with the following output:
Change Dir: /home/noizetma/sr05-study/webots/controllers/explorer_controller/cmake-build-debug/CMakeFiles/CMakeTmp

Run Build Command:"/usr/bin/make" "cmTC_c41d0/fast"
/usr/bin/make -f CMakeFiles/cmTC_c41d0.dir/build.make CMakeFiles/cmTC_c41d0.dir/build
make[1] : on entre dans le répertoire « /home/noizetma/sr05-study/webots/controllers/explorer_controller/cmake-build-debug/CMakeFiles/CMakeTmp »
Building C object CMakeFiles/cmTC_c41d0.dir/CheckSymbolExists.c.o
/usr/bin/cc    -o CMakeFiles/cmTC_c41d0.dir/CheckSymbolExists.c.o   -c /home/noizetma/sr05-study/webots/controllers/explorer_controller/cmake-build-debug/CMakeFiles/CMakeTmp/CheckSymbolExists.c
Linking C executable cmTC_c41d0
/usr/bin/cmake -E cmake_link_script CMakeFiles/cmTC_c41d0.dir/link.txt --verbose=1
/usr/bin/cc      -rdynamic CMakeFiles/cmTC_c41d0.dir/CheckSymbolExists.c.o  -o cmTC_c41d0 
CMakeFiles/cmTC_c41d0.dir/CheckSymbolExists.c.o : Dans la fonction « main » :
CheckSymbolExists.c:(.text+0x1b) : référence indéfinie vers « pthread_create »
collect2: error: ld returned 1 exit status
CMakeFiles/cmTC_c41d0.dir/build.make:97: recipe for target 'cmTC_c41d0' failed
make[1]: *** [cmTC_c41d0] Error 1
make[1] : on quitte le répertoire « /home/noizetma/sr05-study/webots/controllers/explorer_controller/cmake-build-debug/CMakeFiles/CMakeTmp »
Makefile:126: recipe for target 'cmTC_c41d0/fast' failed
make: *** [cmTC_c41d0/fast] Error 2

File /home/noizetma/sr05-study/webots/controllers/explorer_controller/cmake-build-debug/CMakeFiles/CMakeTmp/CheckSymbolExists.c:
/* */
#include <pthread.h>

int main(int argc, char** argv)
{
  (void)argv;
#ifndef pthread_create
  return ((int*)(&pthread_create))[argc];
#else
  (void)argc;
  return 0;
#endif
}

Determining if the function pthread_create exists in the pthreads failed with the following output:
Change Dir: /home/noizetma/sr05-study/webots/controllers/explorer_controller/cmake-build-debug/CMakeFiles/CMakeTmp

Run Build Command:"/usr/bin/make" "cmTC_9feca/fast"
/usr/bin/make -f CMakeFiles/cmTC_9feca.dir/build.make CMakeFiles/cmTC_9feca.dir/build
make[1] : on entre dans le répertoire « /home/noizetma/sr05-study/webots/controllers/explorer_controller/cmake-build-debug/CMakeFiles/CMakeTmp »
Building C object CMakeFiles/cmTC_9feca.dir/CheckFunctionExists.c.o
/usr/bin/cc   -DCHECK_FUNCTION_EXISTS=pthread_create   -o CMakeFiles/cmTC_9feca.dir/CheckFunctionExists.c.o   -c /usr/share/cmake-3.10/Modules/CheckFunctionExists.c
Linking C executable cmTC_9feca
/usr/bin/cmake -E cmake_link_script CMakeFiles/cmTC_9feca.dir/link.txt --verbose=1
/usr/bin/cc  -DCHECK_FUNCTION_EXISTS=pthread_create    -rdynamic CMakeFiles/cmTC_9feca.dir/CheckFunctionExists.c.o  -o cmTC_9feca -lpthreads 
/usr/bin/ld : ne peut trouver -lpthreads
collect2: error: ld returned 1 exit status
CMakeFiles/cmTC_9feca.dir/build.make:97: recipe for target 'cmTC_9feca' failed
make[1]: *** [cmTC_9feca] Error 1
make[1] : on quitte le répertoire « /home/noizetma/sr05-study/webots/controllers/explorer_controller/cmake-build-debug/CMakeFiles/CMakeTmp »
Makefile:126: recipe for target 'cmTC_9feca/fast' failed
make: *** [cmTC_9feca/fast] Error 2


